2022-12-08 23:09:58,248 - utils.py[line:54] - INFO: Namespace(lr=0.0005, dataset='ut-zappos', weight_decay=1e-05, clip_model='ViT-L/14', epochs=20, epoch_start=0, train_batch_size=128, eval_batch_size=32, fusion='SDZSL', context_length=8, attr_dropout=0.3, save_path='data/model/ut-zappos/dfsp', save_every_n=5, save_model=True, load_model='data/model/ut-zappos/dfsp/SDZSL_best.pt', seed=2134, gradient_accumulation_steps=2, open_world=True, bias=0.001, topk=1, text_encoder_batch_size=36, threshold=0.4, threshold_trials=50, K=1, prompt_template='a photo of x x', res_w=0.8, SA_K=1, width_img=1024, width_txt=768, dataset_path='../../../dataset/ut-zappos', best_model_metric='best_loss', att_obj_w=0.01, sp_w=0.1)
2022-12-08 23:21:54,847 - utils.py[line:54] - INFO: Evaluating val dataset:
2022-12-08 23:22:21,849 - utils.py[line:54] - INFO: best_unseen  0.6089| best_seen  0.6192| AUC  0.3438| best_hm  0.5191| attr_acc  0.3603| obj_acc  0.8071| 
2022-12-08 23:22:21,850 - utils.py[line:54] - INFO: Loss average on val dataset: 2.68359375
2022-12-08 23:22:45,884 - utils.py[line:54] - INFO: best_unseen  0.6013| best_seen  0.6716| AUC  0.3318| best_hm  0.4794| attr_acc  0.4876| obj_acc  0.6853| 
2022-12-08 23:22:45,884 - utils.py[line:54] - INFO: Evaluating test dataset:
2022-12-08 23:23:09,581 - utils.py[line:54] - INFO: best_unseen  0.6013| best_seen  0.6716| AUC  0.3318| best_hm  0.4794| attr_acc  0.4876| obj_acc  0.6853| 
2022-12-08 23:35:00,904 - utils.py[line:54] - INFO: Evaluating val dataset:
2022-12-08 23:35:27,095 - utils.py[line:54] - INFO: best_unseen  0.626| best_seen  0.642| AUC  0.3743| best_hm  0.5512| attr_acc  0.3833| obj_acc  0.8239| 
2022-12-08 23:35:27,095 - utils.py[line:54] - INFO: Loss average on val dataset: 2.646484375
2022-12-08 23:35:51,041 - utils.py[line:54] - INFO: best_unseen  0.6214| best_seen  0.6393| AUC  0.3203| best_hm  0.4641| attr_acc  0.4904| obj_acc  0.7172| 
2022-12-08 23:35:51,041 - utils.py[line:54] - INFO: Evaluating test dataset:
2022-12-08 23:36:14,747 - utils.py[line:54] - INFO: best_unseen  0.6214| best_seen  0.6393| AUC  0.3203| best_hm  0.4641| attr_acc  0.4904| obj_acc  0.7172| 
2022-12-08 23:48:03,857 - utils.py[line:54] - INFO: Evaluating val dataset:
2022-12-08 23:48:29,342 - utils.py[line:54] - INFO: best_unseen  0.6145| best_seen  0.6283| AUC  0.362| best_hm  0.5446| attr_acc  0.3787| obj_acc  0.8099| 
2022-12-08 23:48:29,343 - utils.py[line:54] - INFO: Loss average on val dataset: 2.62109375
2022-12-08 23:48:53,317 - utils.py[line:54] - INFO: best_unseen  0.6409| best_seen  0.6891| AUC  0.3612| best_hm  0.4985| attr_acc  0.5103| obj_acc  0.7179| 
2022-12-08 23:48:53,317 - utils.py[line:54] - INFO: Evaluating test dataset:
2022-12-08 23:49:16,900 - utils.py[line:54] - INFO: best_unseen  0.6409| best_seen  0.6891| AUC  0.3612| best_hm  0.4985| attr_acc  0.5103| obj_acc  0.7179| 
2022-12-09 00:01:04,782 - utils.py[line:54] - INFO: Evaluating val dataset:
2022-12-09 00:01:30,757 - utils.py[line:54] - INFO: best_unseen  0.6346| best_seen  0.6306| AUC  0.3749| best_hm  0.5666| attr_acc  0.3706| obj_acc  0.8348| 
2022-12-09 00:01:30,757 - utils.py[line:54] - INFO: Loss average on val dataset: 2.806640625
2022-12-09 00:01:53,015 - utils.py[line:54] - INFO: best_unseen  0.6161| best_seen  0.6676| AUC  0.3346| best_hm  0.4791| attr_acc  0.4966| obj_acc  0.7231| 
2022-12-09 00:13:36,691 - utils.py[line:54] - INFO: Evaluating val dataset:
2022-12-09 00:14:02,879 - utils.py[line:54] - INFO: best_unseen  0.659| best_seen  0.6249| AUC  0.3849| best_hm  0.5715| attr_acc  0.3743| obj_acc  0.8367| 
2022-12-09 00:14:02,880 - utils.py[line:54] - INFO: Loss average on val dataset: 2.890625
2022-12-09 00:14:27,057 - utils.py[line:54] - INFO: best_unseen  0.614| best_seen  0.6931| AUC  0.3515| best_hm  0.4908| attr_acc  0.5172| obj_acc  0.7275| 
2022-12-09 00:26:07,093 - utils.py[line:54] - INFO: Evaluating val dataset:
2022-12-09 00:26:31,887 - utils.py[line:54] - INFO: best_unseen  0.662| best_seen  0.6169| AUC  0.3876| best_hm  0.5796| attr_acc  0.3839| obj_acc  0.8108| 
2022-12-09 00:26:31,888 - utils.py[line:54] - INFO: Loss average on val dataset: 2.818359375
2022-12-09 00:26:54,908 - utils.py[line:54] - INFO: best_unseen  0.6261| best_seen  0.6667| AUC  0.3263| best_hm  0.4619| attr_acc  0.5027| obj_acc  0.709| 
2022-12-09 00:39:20,183 - utils.py[line:54] - INFO: Evaluating val dataset:
2022-12-09 00:39:44,906 - utils.py[line:54] - INFO: best_unseen  0.6504| best_seen  0.6454| AUC  0.395| best_hm  0.5821| attr_acc  0.3665| obj_acc  0.8276| 
2022-12-09 00:39:44,906 - utils.py[line:54] - INFO: Loss average on val dataset: 2.923828125
2022-12-09 00:40:08,593 - utils.py[line:54] - INFO: best_unseen  0.6055| best_seen  0.6813| AUC  0.3416| best_hm  0.4908| attr_acc  0.4955| obj_acc  0.7296| 
