2022-12-03 13:48:37,469 - utils.py[line:54] - INFO: Namespace(lr=0.0001, dataset='mit-states', weight_decay=1e-05, clip_model='ViT-L/14', epochs=20, epoch_start=0, train_batch_size=128, eval_batch_size=128, fusion='SDZSL', context_length=8, attr_dropout=0.3, save_path='data/model/mit-states/dfsp', save_every_n=5, save_model=False, load_model='data/model/mit-states/dfsp/SDZSL_best.pt', seed=0, gradient_accumulation_steps=2, open_world=True, bias=0.001, topk=1, text_encoder_batch_size=36, threshold=0.4, threshold_trials=50, K=1, prompt_template='a photo of x x', res_w=0.8, SA_K=1, width_img=1024, width_txt=768, dataset_path='../../../dataset/mit-states', best_model_metric='best_loss', att_obj_w=0.01, sp_w=0.1)
2022-12-03 14:03:28,307 - utils.py[line:54] - INFO: Namespace(lr=0.0001, dataset='mit-states', weight_decay=1e-05, clip_model='ViT-L/14', epochs=20, epoch_start=0, train_batch_size=128, eval_batch_size=128, fusion='SDZSL', context_length=8, attr_dropout=0.3, save_path='data/model/mit-states/dfsp', save_every_n=5, save_model=False, load_model='data/model/mit-states/dfsp/SDZSL_best.pt', seed=0, gradient_accumulation_steps=2, open_world=True, bias=0.001, topk=1, text_encoder_batch_size=36, threshold=0.4, threshold_trials=50, K=1, prompt_template='a photo of x x', res_w=0.8, SA_K=1, width_img=1024, width_txt=768, dataset_path='../../../dataset/mit-states', best_model_metric='best_loss', att_obj_w=0.01, sp_w=0.1)
2022-12-03 14:04:30,119 - utils.py[line:54] - INFO: Namespace(lr=0.0001, dataset='mit-states', weight_decay=1e-05, clip_model='ViT-L/14', epochs=20, epoch_start=0, train_batch_size=128, eval_batch_size=128, fusion='SDZSL', context_length=8, attr_dropout=0.3, save_path='data/model/mit-states/dfsp', save_every_n=5, save_model=False, load_model='data/model/mit-states/dfsp/SDZSL_best.pt', seed=0, gradient_accumulation_steps=2, open_world=True, bias=0.001, topk=1, text_encoder_batch_size=36, threshold=0.4, threshold_trials=50, K=1, prompt_template='a photo of x x', res_w=0.8, SA_K=1, width_img=1024, width_txt=768, dataset_path='../../../dataset/mit-states', best_model_metric='best_loss', att_obj_w=0.01, sp_w=0.1)
2022-12-03 14:12:04,408 - utils.py[line:54] - INFO: Namespace(lr=0.0001, dataset='mit-states', weight_decay=1e-05, clip_model='ViT-L/14', epochs=20, epoch_start=0, train_batch_size=128, eval_batch_size=128, fusion='SDZSL', context_length=8, attr_dropout=0.3, save_path='data/model/mit-states/dfsp', save_every_n=5, save_model=False, load_model='data/model/mit-states/dfsp/SDZSL_best.pt', seed=0, gradient_accumulation_steps=2, open_world=True, bias=0.001, topk=1, text_encoder_batch_size=36, threshold=0.4, threshold_trials=50, K=1, prompt_template='a photo of x x', res_w=0.8, SA_K=1, width_img=1024, width_txt=768, dataset_path='../../../dataset/mit-states', best_model_metric='best_loss', att_obj_w=0.01, sp_w=0.1)
2022-12-03 14:13:07,204 - utils.py[line:54] - INFO: Namespace(lr=0.0001, dataset='mit-states', weight_decay=1e-05, clip_model='ViT-L/14', epochs=20, epoch_start=0, train_batch_size=128, eval_batch_size=128, fusion='SDZSL', context_length=8, attr_dropout=0.3, save_path='data/model/mit-states/dfsp', save_every_n=5, save_model=False, load_model='data/model/mit-states/dfsp/SDZSL_best.pt', seed=0, gradient_accumulation_steps=2, open_world=True, bias=0.001, topk=1, text_encoder_batch_size=36, threshold=0.4, threshold_trials=50, K=1, prompt_template='a photo of x x', res_w=0.8, SA_K=1, width_img=1024, width_txt=768, dataset_path='../../../dataset/mit-states', best_model_metric='best_loss', att_obj_w=0.01, sp_w=0.1)
2022-12-03 14:14:03,894 - utils.py[line:54] - INFO: Namespace(lr=0.0001, dataset='mit-states', weight_decay=1e-05, clip_model='ViT-L/14', epochs=20, epoch_start=0, train_batch_size=128, eval_batch_size=128, fusion='SDZSL', context_length=8, attr_dropout=0.3, save_path='data/model/mit-states/dfsp', save_every_n=5, save_model=False, load_model='data/model/mit-states/dfsp/SDZSL_best.pt', seed=0, gradient_accumulation_steps=2, open_world=True, bias=0.001, topk=1, text_encoder_batch_size=36, threshold=0.4, threshold_trials=50, K=1, prompt_template='a photo of x x', res_w=0.8, SA_K=1, width_img=1024, width_txt=768, dataset_path='../../../dataset/mit-states', best_model_metric='best_loss', att_obj_w=0.01, sp_w=0.1)
2022-12-03 14:14:56,234 - utils.py[line:54] - INFO: Namespace(lr=0.0001, dataset='mit-states', weight_decay=1e-05, clip_model='ViT-L/14', epochs=20, epoch_start=0, train_batch_size=128, eval_batch_size=128, fusion='SDZSL', context_length=8, attr_dropout=0.3, save_path='data/model/mit-states/dfsp', save_every_n=5, save_model=False, load_model='data/model/mit-states/dfsp/SDZSL_best.pt', seed=0, gradient_accumulation_steps=2, open_world=True, bias=0.001, topk=1, text_encoder_batch_size=36, threshold=0.4, threshold_trials=50, K=1, prompt_template='a photo of x x', res_w=0.8, SA_K=1, width_img=1024, width_txt=768, dataset_path='../../../dataset/mit-states', best_model_metric='best_loss', att_obj_w=0.01, sp_w=0.1)
2022-12-03 14:15:28,397 - utils.py[line:54] - INFO: Namespace(lr=0.0001, dataset='mit-states', weight_decay=1e-05, clip_model='ViT-L/14', epochs=20, epoch_start=0, train_batch_size=128, eval_batch_size=128, fusion='SDZSL', context_length=8, attr_dropout=0.3, save_path='data/model/mit-states/dfsp', save_every_n=5, save_model=False, load_model='data/model/mit-states/dfsp/SDZSL_best.pt', seed=0, gradient_accumulation_steps=2, open_world=True, bias=0.001, topk=1, text_encoder_batch_size=36, threshold=0.4, threshold_trials=50, K=1, prompt_template='a photo of x x', res_w=0.8, SA_K=1, width_img=1024, width_txt=768, dataset_path='../../../dataset/mit-states', best_model_metric='best_loss', att_obj_w=0.01, sp_w=0.1)
2022-12-03 14:16:20,271 - utils.py[line:54] - INFO: Namespace(lr=0.0001, dataset='mit-states', weight_decay=1e-05, clip_model='ViT-L/14', epochs=20, epoch_start=0, train_batch_size=128, eval_batch_size=128, fusion='SDZSL', context_length=8, attr_dropout=0.3, save_path='data/model/mit-states/dfsp', save_every_n=5, save_model=False, load_model='data/model/mit-states/dfsp/SDZSL_best.pt', seed=0, gradient_accumulation_steps=2, open_world=True, bias=0.001, topk=1, text_encoder_batch_size=36, threshold=0.4, threshold_trials=50, K=1, prompt_template='a photo of x x', res_w=0.8, SA_K=1, width_img=1024, width_txt=768, dataset_path='../../../dataset/mit-states', best_model_metric='best_loss', att_obj_w=0.01, sp_w=0.1)
2022-12-03 14:18:18,286 - utils.py[line:54] - INFO: Namespace(lr=0.0001, dataset='mit-states', weight_decay=1e-05, clip_model='ViT-L/14', epochs=20, epoch_start=0, train_batch_size=128, eval_batch_size=128, fusion='SDZSL', context_length=8, attr_dropout=0.3, save_path='data/model/mit-states/dfsp', save_every_n=5, save_model=False, load_model='data/model/mit-states/dfsp/SDZSL_best.pt', seed=0, gradient_accumulation_steps=2, open_world=True, bias=0.001, topk=1, text_encoder_batch_size=36, threshold=0.4, threshold_trials=50, K=1, prompt_template='a photo of x x', res_w=0.8, SA_K=1, width_img=1024, width_txt=768, dataset_path='../../../dataset/mit-states', best_model_metric='best_loss', att_obj_w=0.01, sp_w=0.1)
2022-12-03 14:20:59,767 - utils.py[line:54] - INFO: Namespace(lr=0.0001, dataset='mit-states', weight_decay=1e-05, clip_model='ViT-L/14', epochs=20, epoch_start=0, train_batch_size=128, eval_batch_size=128, fusion='SDZSL', context_length=8, attr_dropout=0.3, save_path='data/model/mit-states/dfsp', save_every_n=5, save_model=False, load_model='data/model/mit-states/dfsp/SDZSL_best.pt', seed=0, gradient_accumulation_steps=2, open_world=True, bias=0.001, topk=1, text_encoder_batch_size=36, threshold=0.4, threshold_trials=50, K=1, prompt_template='a photo of x x', res_w=0.8, SA_K=1, width_img=1024, width_txt=768, dataset_path='../../../dataset/mit-states', best_model_metric='best_loss', att_obj_w=0.01, sp_w=0.1)
2022-12-03 14:21:48,515 - utils.py[line:54] - INFO: Namespace(lr=0.0001, dataset='mit-states', weight_decay=1e-05, clip_model='ViT-L/14', epochs=20, epoch_start=0, train_batch_size=128, eval_batch_size=128, fusion='SDZSL', context_length=8, attr_dropout=0.3, save_path='data/model/mit-states/dfsp', save_every_n=5, save_model=False, load_model='data/model/mit-states/dfsp/SDZSL_best.pt', seed=0, gradient_accumulation_steps=2, open_world=True, bias=0.001, topk=1, text_encoder_batch_size=36, threshold=0.4, threshold_trials=50, K=1, prompt_template='a photo of x x', res_w=0.8, SA_K=1, width_img=1024, width_txt=768, dataset_path='../../../dataset/mit-states', best_model_metric='best_loss', att_obj_w=0.01, sp_w=0.1)
2022-12-03 14:23:21,890 - utils.py[line:54] - INFO: Namespace(lr=0.0001, dataset='mit-states', weight_decay=1e-05, clip_model='ViT-L/14', epochs=20, epoch_start=0, train_batch_size=128, eval_batch_size=128, fusion='SDZSL', context_length=8, attr_dropout=0.3, save_path='data/model/mit-states/dfsp', save_every_n=5, save_model=False, load_model='data/model/mit-states/dfsp/SDZSL_best.pt', seed=0, gradient_accumulation_steps=2, open_world=True, bias=0.001, topk=1, text_encoder_batch_size=36, threshold=0.4, threshold_trials=50, K=1, prompt_template='a photo of x x', res_w=0.8, SA_K=1, width_img=1024, width_txt=768, dataset_path='../../../dataset/mit-states', best_model_metric='best_loss', att_obj_w=0.01, sp_w=0.1)
2022-12-03 14:25:18,390 - utils.py[line:54] - INFO: Namespace(lr=0.0001, dataset='mit-states', weight_decay=1e-05, clip_model='ViT-L/14', epochs=20, epoch_start=0, train_batch_size=128, eval_batch_size=128, fusion='SDZSL', context_length=8, attr_dropout=0.3, save_path='data/model/mit-states/dfsp', save_every_n=5, save_model=False, load_model='data/model/mit-states/dfsp/SDZSL_best.pt', seed=0, gradient_accumulation_steps=2, open_world=True, bias=0.001, topk=1, text_encoder_batch_size=36, threshold=0.4, threshold_trials=50, K=1, prompt_template='a photo of x x', res_w=0.8, SA_K=1, width_img=1024, width_txt=768, dataset_path='../../../dataset/mit-states', best_model_metric='best_loss', att_obj_w=0.01, sp_w=0.1)
2022-12-03 14:26:53,506 - utils.py[line:54] - INFO: Namespace(lr=0.0001, dataset='mit-states', weight_decay=1e-05, clip_model='ViT-L/14', epochs=20, epoch_start=0, train_batch_size=128, eval_batch_size=128, fusion='SDZSL', context_length=8, attr_dropout=0.3, save_path='data/model/mit-states/dfsp', save_every_n=5, save_model=False, load_model='data/model/mit-states/dfsp/SDZSL_best.pt', seed=0, gradient_accumulation_steps=2, open_world=True, bias=0.001, topk=1, text_encoder_batch_size=36, threshold=0.4, threshold_trials=50, K=1, prompt_template='a photo of x x', res_w=0.8, SA_K=1, width_img=1024, width_txt=768, dataset_path='../../../dataset/mit-states', best_model_metric='best_loss', att_obj_w=0.01, sp_w=0.1)
2022-12-03 14:35:12,936 - utils.py[line:54] - INFO: Evaluating val dataset:
2022-12-03 14:42:46,338 - utils.py[line:54] - INFO: best_unseen  nan| best_seen  0.0| AUC  0.0| best_hm  nan| attr_acc  0.3929| obj_acc  0.5609| 
2022-12-03 14:42:46,358 - utils.py[line:54] - INFO: Loss average on val dataset: 3.232421875
2022-12-03 14:48:20,981 - utils.py[line:54] - INFO: Namespace(lr=0.0005, dataset='ut-zappos', weight_decay=1e-05, clip_model='ViT-L/14', epochs=20, epoch_start=0, train_batch_size=128, eval_batch_size=32, fusion='SDZSL', context_length=8, attr_dropout=0.3, save_path='data/model/ut-zappos/dfsp', save_every_n=5, save_model=True, load_model='/data/jyy/lll/project/CVPR2023/DFSP/data/model/ut-zappos/dfsp/txt2img_best.pt', seed=2134, gradient_accumulation_steps=2, open_world=True, bias=0.001, topk=1, text_encoder_batch_size=36, threshold=0.4, threshold_trials=50, K=1, prompt_template='a photo of x x', res_w=0.8, SA_K=1, width_img=1024, width_txt=768, dataset_path='../../../dataset/ut-zappos', best_model_metric='best_loss', att_obj_w=0.01, sp_w=0.1)
2022-12-03 14:49:33,597 - utils.py[line:54] - INFO: best_unseen  0.4792| best_seen  0.1425| AUC  0.0514| best_hm  0.1572| attr_acc  0.3276| obj_acc  0.5719| 
2022-12-03 14:50:14,191 - utils.py[line:54] - INFO: Namespace(lr=0.0001, dataset='mit-states', weight_decay=1e-05, clip_model='ViT-L/14', epochs=20, epoch_start=0, train_batch_size=128, eval_batch_size=128, fusion='SDZSL', context_length=8, attr_dropout=0.3, save_path='data/model/mit-states/dfsp', save_every_n=5, save_model=False, load_model='data/model/mit-states/dfsp/SDZSL_best.pt', seed=0, gradient_accumulation_steps=2, open_world=True, bias=0.001, topk=1, text_encoder_batch_size=36, threshold=0.4, threshold_trials=50, K=1, prompt_template='a photo of x x', res_w=0.8, SA_K=1, width_img=1024, width_txt=768, dataset_path='../../../dataset/mit-states', best_model_metric='best_loss', att_obj_w=0.01, sp_w=0.1)
2022-12-03 14:50:58,945 - utils.py[line:54] - INFO: Namespace(lr=0.0001, dataset='mit-states', weight_decay=1e-05, clip_model='ViT-L/14', epochs=20, epoch_start=0, train_batch_size=128, eval_batch_size=128, fusion='SDZSL', context_length=8, attr_dropout=0.3, save_path='data/model/mit-states/dfsp', save_every_n=5, save_model=False, load_model='data/model/mit-states/dfsp/SDZSL_best.pt', seed=0, gradient_accumulation_steps=2, open_world=True, bias=0.001, topk=1, text_encoder_batch_size=36, threshold=0.4, threshold_trials=50, K=1, prompt_template='a photo of x x', res_w=0.8, SA_K=1, width_img=1024, width_txt=768, dataset_path='../../../dataset/mit-states', best_model_metric='best_loss', att_obj_w=0.01, sp_w=0.1)
2022-12-03 14:58:50,443 - utils.py[line:54] - INFO: Evaluating val dataset:
2022-12-03 15:01:41,346 - utils.py[line:54] - INFO: best_unseen  0.5368| best_seen  0.3509| AUC  0.1622| best_hm  0.3352| attr_acc  0.3684| obj_acc  0.5669| 
2022-12-03 15:01:41,351 - utils.py[line:54] - INFO: Loss average on val dataset: 3.30859375
2022-12-03 15:05:05,915 - utils.py[line:54] - INFO: best_unseen  0.4914| best_seen  0.355| AUC  0.1442| best_hm  0.3092| attr_acc  0.3638| obj_acc  0.5513| 
2022-12-03 15:05:05,923 - utils.py[line:54] - INFO: Evaluating test dataset:
2022-12-03 15:08:30,809 - utils.py[line:54] - INFO: best_unseen  0.4914| best_seen  0.355| AUC  0.1442| best_hm  0.3092| attr_acc  0.3638| obj_acc  0.5513| 
2022-12-03 15:16:10,968 - utils.py[line:54] - INFO: Evaluating val dataset:
2022-12-03 15:18:55,645 - utils.py[line:54] - INFO: best_unseen  0.5503| best_seen  0.3953| AUC  0.1864| best_hm  0.3599| attr_acc  0.3888| obj_acc  0.5762| 
2022-12-03 15:18:55,652 - utils.py[line:54] - INFO: Loss average on val dataset: 3.216796875
2022-12-03 15:22:20,118 - utils.py[line:54] - INFO: best_unseen  0.5066| best_seen  0.413| AUC  0.1732| best_hm  0.3412| attr_acc  0.3856| obj_acc  0.5562| 
2022-12-03 15:22:20,128 - utils.py[line:54] - INFO: Evaluating test dataset:
2022-12-03 15:25:43,914 - utils.py[line:54] - INFO: best_unseen  0.5066| best_seen  0.413| AUC  0.1732| best_hm  0.3412| attr_acc  0.3856| obj_acc  0.5562| 
2022-12-03 15:33:28,014 - utils.py[line:54] - INFO: Evaluating val dataset:
2022-12-03 15:36:11,441 - utils.py[line:54] - INFO: best_unseen  0.5459| best_seen  0.4121| AUC  0.1922| best_hm  0.3654| attr_acc  0.3894| obj_acc  0.5717| 
2022-12-03 15:36:11,452 - utils.py[line:54] - INFO: Loss average on val dataset: 3.20703125
2022-12-03 15:39:35,827 - utils.py[line:54] - INFO: best_unseen  0.507| best_seen  0.4197| AUC  0.1772| best_hm  0.3461| attr_acc  0.3875| obj_acc  0.5541| 
2022-12-03 15:39:35,836 - utils.py[line:54] - INFO: Evaluating test dataset:
2022-12-03 15:42:59,621 - utils.py[line:54] - INFO: best_unseen  0.507| best_seen  0.4197| AUC  0.1772| best_hm  0.3461| attr_acc  0.3875| obj_acc  0.5541| 
2022-12-03 15:50:23,958 - utils.py[line:54] - INFO: Evaluating val dataset:
2022-12-03 15:53:20,587 - utils.py[line:54] - INFO: best_unseen  0.5477| best_seen  0.4349| AUC  0.2026| best_hm  0.3729| attr_acc  0.3929| obj_acc  0.572| 
2022-12-03 15:53:20,594 - utils.py[line:54] - INFO: Loss average on val dataset: 3.212890625
2022-12-03 15:56:42,947 - utils.py[line:54] - INFO: best_unseen  0.5094| best_seen  0.4307| AUC  0.1819| best_hm  0.3507| attr_acc  0.3875| obj_acc  0.5531| 
2022-12-03 16:04:11,025 - utils.py[line:54] - INFO: Evaluating val dataset:
2022-12-03 16:06:54,765 - utils.py[line:54] - INFO: best_unseen  0.5466| best_seen  0.4398| AUC  0.2045| best_hm  0.3748| attr_acc  0.3933| obj_acc  0.5698| 
2022-12-03 16:06:54,771 - utils.py[line:54] - INFO: Loss average on val dataset: 3.234375
2022-12-03 16:10:34,358 - utils.py[line:54] - INFO: best_unseen  0.509| best_seen  0.4311| AUC  0.1817| best_hm  0.3501| attr_acc  0.392| obj_acc  0.5521| 
2022-12-03 16:18:09,637 - utils.py[line:54] - INFO: Evaluating val dataset:
2022-12-03 16:20:59,231 - utils.py[line:54] - INFO: best_unseen  0.5471| best_seen  0.4485| AUC  0.2091| best_hm  0.3799| attr_acc  0.3953| obj_acc  0.5711| 
2022-12-03 16:20:59,236 - utils.py[line:54] - INFO: Loss average on val dataset: 3.259765625
2022-12-03 16:24:27,744 - utils.py[line:54] - INFO: best_unseen  0.5045| best_seen  0.4387| AUC  0.183| best_hm  0.3498| attr_acc  0.3914| obj_acc  0.5495| 
2022-12-03 16:32:05,441 - utils.py[line:54] - INFO: Evaluating val dataset:
2022-12-03 16:34:27,782 - utils.py[line:54] - INFO: best_unseen  0.5462| best_seen  0.4496| AUC  0.2088| best_hm  0.3809| attr_acc  0.3965| obj_acc  0.5688| 
2022-12-03 16:34:27,790 - utils.py[line:54] - INFO: Loss average on val dataset: 3.265625
2022-12-03 16:37:37,151 - utils.py[line:54] - INFO: best_unseen  0.5014| best_seen  0.4403| AUC  0.1818| best_hm  0.3494| attr_acc  0.3903| obj_acc  0.5504| 
2022-12-03 16:45:01,507 - utils.py[line:54] - INFO: Evaluating val dataset:
2022-12-03 16:48:00,368 - utils.py[line:54] - INFO: best_unseen  0.5442| best_seen  0.4485| AUC  0.2067| best_hm  0.3792| attr_acc  0.3907| obj_acc  0.5645| 
2022-12-03 16:48:00,373 - utils.py[line:54] - INFO: Loss average on val dataset: 3.294921875
2022-12-03 16:51:21,141 - utils.py[line:54] - INFO: best_unseen  0.4989| best_seen  0.4378| AUC  0.181| best_hm  0.3487| attr_acc  0.3891| obj_acc  0.5484| 
2022-12-03 16:58:41,649 - utils.py[line:54] - INFO: Evaluating val dataset:
2022-12-03 17:01:23,716 - utils.py[line:54] - INFO: best_unseen  0.5429| best_seen  0.4501| AUC  0.2068| best_hm  0.3804| attr_acc  0.393| obj_acc  0.5647| 
2022-12-03 17:01:23,722 - utils.py[line:54] - INFO: Loss average on val dataset: 3.3046875
2022-12-03 17:05:00,470 - utils.py[line:54] - INFO: best_unseen  0.5003| best_seen  0.4382| AUC  0.1806| best_hm  0.3486| attr_acc  0.3898| obj_acc  0.5491| 
2022-12-03 17:13:01,046 - utils.py[line:54] - INFO: Evaluating val dataset:
2022-12-03 17:15:56,392 - utils.py[line:54] - INFO: best_unseen  0.5416| best_seen  0.4512| AUC  0.2069| best_hm  0.3798| attr_acc  0.3938| obj_acc  0.5639| 
2022-12-03 17:15:56,401 - utils.py[line:54] - INFO: Loss average on val dataset: 3.3046875
2022-12-03 17:19:32,661 - utils.py[line:54] - INFO: best_unseen  0.498| best_seen  0.4361| AUC  0.1791| best_hm  0.3486| attr_acc  0.3881| obj_acc  0.5476| 
2022-12-03 17:27:46,081 - utils.py[line:54] - INFO: Evaluating val dataset:
2022-12-03 17:30:40,538 - utils.py[line:54] - INFO: best_unseen  0.5391| best_seen  0.449| AUC  0.2046| best_hm  0.3782| attr_acc  0.3928| obj_acc  0.5644| 
2022-12-03 17:30:40,546 - utils.py[line:54] - INFO: Loss average on val dataset: 3.326171875
2022-12-03 17:33:58,856 - utils.py[line:54] - INFO: best_unseen  0.4977| best_seen  0.4399| AUC  0.1797| best_hm  0.347| attr_acc  0.3878| obj_acc  0.5459| 
2022-12-03 17:41:18,478 - utils.py[line:54] - INFO: Evaluating val dataset:
2022-12-03 17:43:44,177 - utils.py[line:54] - INFO: best_unseen  0.5389| best_seen  0.4496| AUC  0.2047| best_hm  0.3791| attr_acc  0.3918| obj_acc  0.5649| 
2022-12-03 17:43:44,184 - utils.py[line:54] - INFO: Loss average on val dataset: 3.33203125
2022-12-03 17:46:43,669 - utils.py[line:54] - INFO: best_unseen  0.4966| best_seen  0.4382| AUC  0.1792| best_hm  0.3478| attr_acc  0.3865| obj_acc  0.5454| 
2022-12-03 17:53:22,827 - utils.py[line:54] - INFO: Evaluating val dataset:
2022-12-03 17:55:53,334 - utils.py[line:54] - INFO: best_unseen  0.5385| best_seen  0.4501| AUC  0.205| best_hm  0.3775| attr_acc  0.392| obj_acc  0.5638| 
2022-12-03 17:55:53,344 - utils.py[line:54] - INFO: Loss average on val dataset: 3.34765625
2022-12-03 17:59:25,451 - utils.py[line:54] - INFO: best_unseen  0.4963| best_seen  0.4399| AUC  0.1795| best_hm  0.3469| attr_acc  0.3863| obj_acc  0.5445| 
2022-12-03 18:06:44,392 - utils.py[line:54] - INFO: Evaluating val dataset:
2022-12-03 18:09:25,791 - utils.py[line:54] - INFO: best_unseen  0.5377| best_seen  0.4501| AUC  0.2043| best_hm  0.377| attr_acc  0.3914| obj_acc  0.5633| 
2022-12-03 18:09:25,797 - utils.py[line:54] - INFO: Loss average on val dataset: 3.353515625
2022-12-03 18:12:46,400 - utils.py[line:54] - INFO: best_unseen  0.4962| best_seen  0.4416| AUC  0.1799| best_hm  0.3465| attr_acc  0.3867| obj_acc  0.544| 
2022-12-03 18:20:20,532 - utils.py[line:54] - INFO: Evaluating val dataset:
2022-12-03 18:22:59,647 - utils.py[line:54] - INFO: best_unseen  0.5378| best_seen  0.4469| AUC  0.2029| best_hm  0.3751| attr_acc  0.3909| obj_acc  0.5627| 
2022-12-03 18:22:59,661 - utils.py[line:54] - INFO: Loss average on val dataset: 3.359375
2022-12-03 18:26:17,547 - utils.py[line:54] - INFO: best_unseen  0.4962| best_seen  0.4424| AUC  0.1805| best_hm  0.3467| attr_acc  0.3865| obj_acc  0.5434| 
2022-12-03 18:33:35,711 - utils.py[line:54] - INFO: Evaluating val dataset:
2022-12-03 18:36:26,690 - utils.py[line:54] - INFO: best_unseen  0.5367| best_seen  0.4463| AUC  0.2025| best_hm  0.3755| attr_acc  0.3917| obj_acc  0.5628| 
2022-12-03 18:36:26,700 - utils.py[line:54] - INFO: Loss average on val dataset: 3.357421875
2022-12-03 18:39:42,354 - utils.py[line:54] - INFO: best_unseen  0.4946| best_seen  0.4387| AUC  0.1785| best_hm  0.345| attr_acc  0.3861| obj_acc  0.544| 
2022-12-03 18:47:01,105 - utils.py[line:54] - INFO: Evaluating val dataset:
2022-12-03 18:49:59,256 - utils.py[line:54] - INFO: best_unseen  0.5361| best_seen  0.4469| AUC  0.2027| best_hm  0.3754| attr_acc  0.3916| obj_acc  0.5628| 
2022-12-03 18:49:59,264 - utils.py[line:54] - INFO: Loss average on val dataset: 3.357421875
2022-12-03 18:53:30,049 - utils.py[line:54] - INFO: best_unseen  0.4948| best_seen  0.4374| AUC  0.1784| best_hm  0.3448| attr_acc  0.3861| obj_acc  0.5437| 
2022-12-03 19:00:48,624 - utils.py[line:54] - INFO: Evaluating val dataset:
2022-12-03 19:03:29,015 - utils.py[line:54] - INFO: best_unseen  0.536| best_seen  0.4463| AUC  0.2026| best_hm  0.3762| attr_acc  0.3906| obj_acc  0.5629| 
2022-12-03 19:03:29,022 - utils.py[line:54] - INFO: Loss average on val dataset: 3.365234375
2022-12-03 19:06:49,758 - utils.py[line:54] - INFO: best_unseen  0.4937| best_seen  0.4395| AUC  0.1779| best_hm  0.3444| attr_acc  0.3858| obj_acc  0.5433| 
2022-12-03 19:14:19,807 - utils.py[line:54] - INFO: Evaluating val dataset:
2022-12-03 19:16:57,437 - utils.py[line:54] - INFO: best_unseen  0.5363| best_seen  0.4463| AUC  0.2027| best_hm  0.3764| attr_acc  0.3906| obj_acc  0.5625| 
2022-12-03 19:16:57,445 - utils.py[line:54] - INFO: Loss average on val dataset: 3.369140625
2022-12-03 19:19:58,997 - utils.py[line:54] - INFO: best_unseen  0.4939| best_seen  0.4395| AUC  0.1783| best_hm  0.3449| attr_acc  0.3859| obj_acc  0.5431| 
2022-12-03 19:27:25,731 - utils.py[line:54] - INFO: Evaluating val dataset:
2022-12-03 19:30:19,941 - utils.py[line:54] - INFO: best_unseen  0.5358| best_seen  0.4463| AUC  0.2025| best_hm  0.3761| attr_acc  0.3906| obj_acc  0.5624| 
2022-12-03 19:30:19,950 - utils.py[line:54] - INFO: Loss average on val dataset: 3.37109375
2022-12-03 19:33:39,978 - utils.py[line:54] - INFO: best_unseen  0.4938| best_seen  0.4391| AUC  0.178| best_hm  0.3442| attr_acc  0.3857| obj_acc  0.5435| 
2022-12-03 19:33:39,986 - utils.py[line:54] - INFO: Evaluating test dataset on Closed World
2022-12-03 19:37:09,163 - utils.py[line:54] - INFO: best_unseen  0.507| best_seen  0.4197| AUC  0.1772| best_hm  0.3461| attr_acc  0.3875| obj_acc  0.5541| 
2022-12-03 19:37:09,194 - utils.py[line:54] - INFO: done!
2022-12-03 19:49:58,948 - utils.py[line:54] - INFO: Namespace(lr=0.0001, dataset='mit-states', weight_decay=1e-05, clip_model='ViT-L/14', epochs=20, epoch_start=0, train_batch_size=128, eval_batch_size=128, fusion='SDZSL', context_length=8, attr_dropout=0.3, save_path='data/model/mit-states/dfsp', save_every_n=5, save_model=False, load_model='data/model/mit-states/dfsp/SDZSL_best.pt', seed=0, gradient_accumulation_steps=2, open_world=True, bias=0.001, topk=1, text_encoder_batch_size=36, threshold=0.4, threshold_trials=50, K=1, prompt_template='a photo of x x', res_w=0.8, SA_K=1, width_img=1024, width_txt=768, dataset_path='../../../dataset/mit-states', best_model_metric='best_loss', att_obj_w=0.01, sp_w=0.1)
2022-12-03 19:51:17,528 - utils.py[line:54] - INFO: Namespace(lr=0.0001, dataset='mit-states', weight_decay=1e-05, clip_model='ViT-L/14', epochs=20, epoch_start=0, train_batch_size=128, eval_batch_size=128, fusion='SDZSL', context_length=8, attr_dropout=0.3, save_path='data/model/mit-states/dfsp', save_every_n=5, save_model=False, load_model='data/model/mit-states/dfsp/SDZSL_best.pt', seed=0, gradient_accumulation_steps=2, open_world=True, bias=0.001, topk=1, text_encoder_batch_size=36, threshold=0.4, threshold_trials=50, K=1, prompt_template='a photo of x x', res_w=0.8, SA_K=1, width_img=1024, width_txt=768, dataset_path='../../../dataset/mit-states', best_model_metric='best_loss', att_obj_w=0.01, sp_w=0.1)
2022-12-03 19:52:26,037 - utils.py[line:54] - INFO: Namespace(lr=0.0001, dataset='mit-states', weight_decay=1e-05, clip_model='ViT-L/14', epochs=20, epoch_start=0, train_batch_size=128, eval_batch_size=128, fusion='SDZSL', context_length=8, attr_dropout=0.3, save_path='data/model/mit-states/dfsp', save_every_n=5, save_model=False, load_model='data/model/mit-states/dfsp/SDZSL_best.pt', seed=0, gradient_accumulation_steps=2, open_world=True, bias=0.001, topk=1, text_encoder_batch_size=36, threshold=0.4, threshold_trials=50, K=1, prompt_template='a photo of x x', res_w=0.8, SA_K=1, width_img=1024, width_txt=768, dataset_path='../../../dataset/mit-states', best_model_metric='best_loss', att_obj_w=0.01, sp_w=0.1)
2022-12-03 19:52:56,775 - utils.py[line:54] - INFO: Namespace(lr=0.0001, dataset='mit-states', weight_decay=1e-05, clip_model='ViT-L/14', epochs=20, epoch_start=0, train_batch_size=128, eval_batch_size=128, fusion='SDZSL', context_length=8, attr_dropout=0.3, save_path='data/model/mit-states/dfsp', save_every_n=5, save_model=False, load_model='data/model/mit-states/dfsp/SDZSL_best.pt', seed=0, gradient_accumulation_steps=2, open_world=True, bias=0.001, topk=1, text_encoder_batch_size=36, threshold=0.4, threshold_trials=50, K=1, prompt_template='a photo of x x', res_w=0.8, SA_K=1, width_img=1024, width_txt=768, dataset_path='../../../dataset/mit-states', best_model_metric='best_loss', att_obj_w=0.01, sp_w=0.1)
2022-12-03 19:54:44,130 - utils.py[line:54] - INFO: Namespace(lr=0.0001, dataset='mit-states', weight_decay=1e-05, clip_model='ViT-L/14', epochs=20, epoch_start=0, train_batch_size=128, eval_batch_size=128, fusion='SDZSL', context_length=8, attr_dropout=0.3, save_path='data/model/mit-states/dfsp', save_every_n=5, save_model=False, load_model='data/model/mit-states/dfsp/SDZSL_best.pt', seed=0, gradient_accumulation_steps=2, open_world=True, bias=0.001, topk=1, text_encoder_batch_size=36, threshold=0.4, threshold_trials=50, K=1, prompt_template='a photo of x x', res_w=0.8, SA_K=1, width_img=1024, width_txt=768, dataset_path='../../../dataset/mit-states', best_model_metric='best_loss', att_obj_w=0.01, sp_w=0.1)
2022-12-03 20:00:18,169 - utils.py[line:54] - INFO: Namespace(lr=0.0001, dataset='mit-states', weight_decay=1e-05, clip_model='ViT-L/14', epochs=20, epoch_start=0, train_batch_size=128, eval_batch_size=128, fusion='SDZSL', context_length=8, attr_dropout=0.3, save_path='data/model/mit-states/dfsp', save_every_n=5, save_model=False, load_model='data/model/mit-states/dfsp/SDZSL_best.pt', seed=0, gradient_accumulation_steps=2, open_world=True, bias=0.001, topk=1, text_encoder_batch_size=36, threshold=0.4, threshold_trials=50, K=1, prompt_template='a photo of x x', res_w=0.8, SA_K=1, width_img=1024, width_txt=768, dataset_path='../../../dataset/mit-states', best_model_metric='best_loss', att_obj_w=0.01, sp_w=0.1)
2022-12-03 20:01:59,958 - utils.py[line:54] - INFO: Namespace(lr=0.0001, dataset='mit-states', weight_decay=1e-05, clip_model='ViT-L/14', epochs=20, epoch_start=0, train_batch_size=128, eval_batch_size=128, fusion='SDZSL', context_length=8, attr_dropout=0.3, save_path='data/model/mit-states/dfsp', save_every_n=5, save_model=False, load_model='data/model/mit-states/dfsp/SDZSL_best.pt', seed=0, gradient_accumulation_steps=2, open_world=True, bias=0.001, topk=1, text_encoder_batch_size=36, threshold=0.4, threshold_trials=50, K=1, prompt_template='a photo of x x', res_w=0.8, SA_K=1, width_img=1024, width_txt=768, dataset_path='../../../dataset/mit-states', best_model_metric='best_loss', att_obj_w=0.01, sp_w=0.1)
2022-12-03 20:10:06,592 - utils.py[line:54] - INFO: Evaluating val dataset:
2022-12-03 20:12:48,987 - utils.py[line:54] - INFO: best_unseen  0.5367| best_seen  0.3514| AUC  0.1624| best_hm  0.3355| attr_acc  0.3684| obj_acc  0.5662| 
2022-12-03 20:12:48,994 - utils.py[line:54] - INFO: Loss average on val dataset: 3.30859375
2022-12-03 20:16:14,173 - utils.py[line:54] - INFO: best_unseen  0.4908| best_seen  0.3563| AUC  0.1445| best_hm  0.3099| attr_acc  0.3641| obj_acc  0.5516| 
2022-12-03 20:16:14,184 - utils.py[line:54] - INFO: Evaluating test dataset:
2022-12-03 20:19:33,060 - utils.py[line:54] - INFO: best_unseen  0.4908| best_seen  0.3563| AUC  0.1445| best_hm  0.3099| attr_acc  0.3641| obj_acc  0.5516| 
2022-12-03 20:58:15,325 - utils.py[line:54] - INFO: Namespace(lr=0.0001, dataset='mit-states', weight_decay=1e-05, clip_model='ViT-L/14', epochs=20, epoch_start=0, train_batch_size=128, eval_batch_size=128, fusion='SDZSL', context_length=8, attr_dropout=0.3, save_path='data/model/mit-states/dfsp', save_every_n=5, save_model=False, load_model='data/model/mit-states/dfsp/SDZSL_best.pt', seed=0, gradient_accumulation_steps=2, open_world=True, bias=0.001, topk=1, text_encoder_batch_size=36, threshold=0.4, threshold_trials=50, K=1, prompt_template='a photo of x x', res_w=0.8, SA_K=1, width_img=1024, width_txt=768, dataset_path='../../../dataset/mit-states', best_model_metric='best_loss', att_obj_w=0.01, sp_w=0.1)
2022-12-03 21:02:00,296 - utils.py[line:54] - INFO: Namespace(lr=0.0001, dataset='mit-states', weight_decay=1e-05, clip_model='ViT-L/14', epochs=20, epoch_start=0, train_batch_size=128, eval_batch_size=128, fusion='SDZSL', context_length=8, attr_dropout=0.3, save_path='data/model/mit-states/dfsp', save_every_n=5, save_model=False, load_model='data/model/mit-states/dfsp/SDZSL_best.pt', seed=0, gradient_accumulation_steps=2, open_world=True, bias=0.001, topk=1, text_encoder_batch_size=36, threshold=0.4, threshold_trials=50, K=1, prompt_template='a photo of x x', res_w=0.8, SA_K=1, width_img=1024, width_txt=768, dataset_path='../../../dataset/mit-states', best_model_metric='best_loss', att_obj_w=0.01, sp_w=0.1)
2022-12-03 21:02:19,475 - utils.py[line:54] - INFO: Namespace(lr=0.0001, dataset='mit-states', weight_decay=1e-05, clip_model='ViT-L/14', epochs=20, epoch_start=0, train_batch_size=128, eval_batch_size=128, fusion='SDZSL', context_length=8, attr_dropout=0.3, save_path='data/model/mit-states/dfsp', save_every_n=5, save_model=False, load_model='data/model/mit-states/dfsp/SDZSL_best.pt', seed=0, gradient_accumulation_steps=2, open_world=True, bias=0.001, topk=1, text_encoder_batch_size=36, threshold=0.4, threshold_trials=50, K=1, prompt_template='a photo of x x', res_w=0.8, SA_K=1, width_img=1024, width_txt=768, dataset_path='../../../dataset/mit-states', best_model_metric='best_loss', att_obj_w=0.01, sp_w=0.1)
2022-12-03 21:04:01,291 - utils.py[line:54] - INFO: Namespace(lr=0.0001, dataset='mit-states', weight_decay=1e-05, clip_model='ViT-L/14', epochs=20, epoch_start=0, train_batch_size=128, eval_batch_size=128, fusion='SDZSL', context_length=8, attr_dropout=0.3, save_path='data/model/mit-states/dfsp', save_every_n=5, save_model=False, load_model='data/model/mit-states/dfsp/SDZSL_best.pt', seed=0, gradient_accumulation_steps=2, open_world=True, bias=0.001, topk=1, text_encoder_batch_size=36, threshold=0.4, threshold_trials=50, K=1, prompt_template='a photo of x x', res_w=0.8, SA_K=1, width_img=1024, width_txt=768, dataset_path='../../../dataset/mit-states', best_model_metric='best_loss', att_obj_w=0.01, sp_w=0.1)
2022-12-03 21:43:07,913 - utils.py[line:54] - INFO: Namespace(lr=0.0001, dataset='mit-states', weight_decay=1e-05, clip_model='ViT-L/14', epochs=20, epoch_start=0, train_batch_size=128, eval_batch_size=128, fusion='SDZSL', context_length=8, attr_dropout=0.3, save_path='data/model/mit-states/dfsp', save_every_n=5, save_model=False, load_model='data/model/mit-states/dfsp/SDZSL_best.pt', seed=0, gradient_accumulation_steps=2, open_world=True, bias=0.001, topk=1, text_encoder_batch_size=36, threshold=0.4, threshold_trials=50, K=1, prompt_template='a photo of x x', res_w=0.8, SA_K=1, width_img=1024, width_txt=768, dataset_path='../../../dataset/mit-states', best_model_metric='best_loss', att_obj_w=0.01, sp_w=0.1)
2022-12-03 21:44:44,010 - utils.py[line:54] - INFO: Namespace(lr=0.0001, dataset='mit-states', weight_decay=1e-05, clip_model='ViT-L/14', epochs=20, epoch_start=0, train_batch_size=128, eval_batch_size=128, fusion='SDZSL', context_length=8, attr_dropout=0.3, save_path='data/model/mit-states/dfsp', save_every_n=5, save_model=False, load_model='data/model/mit-states/dfsp/SDZSL_best.pt', seed=0, gradient_accumulation_steps=2, open_world=True, bias=0.001, topk=1, text_encoder_batch_size=36, threshold=0.4, threshold_trials=50, K=1, prompt_template='a photo of x x', res_w=0.8, SA_K=1, width_img=1024, width_txt=768, dataset_path='../../../dataset/mit-states', best_model_metric='best_loss', att_obj_w=0.01, sp_w=0.1)
2022-12-03 21:49:48,974 - utils.py[line:54] - INFO: Evaluating val dataset:
2022-12-03 21:51:34,179 - utils.py[line:54] - INFO: best_unseen  0.5336| best_seen  0.3406| AUC  0.1562| best_hm  0.3275| attr_acc  0.3639| obj_acc  0.5654| 
2022-12-03 21:51:34,190 - utils.py[line:54] - INFO: Loss average on val dataset: 3.330078125
2022-12-03 21:53:44,315 - utils.py[line:54] - INFO: best_unseen  0.4877| best_seen  0.3592| AUC  0.1443| best_hm  0.3097| attr_acc  0.3634| obj_acc  0.5513| 
2022-12-03 21:53:44,323 - utils.py[line:54] - INFO: Evaluating test dataset:
2022-12-03 21:55:55,942 - utils.py[line:54] - INFO: best_unseen  0.4877| best_seen  0.3592| AUC  0.1443| best_hm  0.3097| attr_acc  0.3634| obj_acc  0.5513| 
2022-12-03 22:00:56,883 - utils.py[line:54] - INFO: Evaluating val dataset:
2022-12-03 22:02:41,160 - utils.py[line:54] - INFO: best_unseen  0.5455| best_seen  0.3796| AUC  0.1777| best_hm  0.3496| attr_acc  0.3782| obj_acc  0.5762| 
2022-12-03 22:02:41,167 - utils.py[line:54] - INFO: Loss average on val dataset: 3.265625
2022-12-03 22:04:53,534 - utils.py[line:54] - INFO: best_unseen  0.4978| best_seen  0.4109| AUC  0.1692| best_hm  0.3377| attr_acc  0.3824| obj_acc  0.5541| 
2022-12-03 22:04:53,544 - utils.py[line:54] - INFO: Evaluating test dataset:
2022-12-03 22:07:06,540 - utils.py[line:54] - INFO: best_unseen  0.4978| best_seen  0.4109| AUC  0.1692| best_hm  0.3377| attr_acc  0.3824| obj_acc  0.5541| 
2022-12-03 22:12:21,324 - utils.py[line:54] - INFO: Evaluating val dataset:
2022-12-03 22:14:08,822 - utils.py[line:54] - INFO: best_unseen  0.5387| best_seen  0.3943| AUC  0.1828| best_hm  0.357| attr_acc  0.3799| obj_acc  0.5695| 
2022-12-03 22:14:08,828 - utils.py[line:54] - INFO: Loss average on val dataset: 3.259765625
2022-12-03 22:16:23,483 - utils.py[line:54] - INFO: best_unseen  0.5017| best_seen  0.4282| AUC  0.1789| best_hm  0.3481| attr_acc  0.3881| obj_acc  0.5489| 
2022-12-03 22:16:23,491 - utils.py[line:54] - INFO: Evaluating test dataset:
2022-12-03 22:18:35,584 - utils.py[line:54] - INFO: best_unseen  0.5017| best_seen  0.4282| AUC  0.1789| best_hm  0.3481| attr_acc  0.3881| obj_acc  0.5489| 
2022-12-03 22:24:02,458 - utils.py[line:54] - INFO: Evaluating val dataset:
2022-12-03 22:26:00,962 - utils.py[line:54] - INFO: best_unseen  0.5414| best_seen  0.4089| AUC  0.19| best_hm  0.3627| attr_acc  0.3849| obj_acc  0.5695| 
2022-12-03 22:26:00,972 - utils.py[line:54] - INFO: Loss average on val dataset: 3.26171875
2022-12-03 22:29:01,863 - utils.py[line:54] - INFO: best_unseen  0.4996| best_seen  0.4269| AUC  0.1781| best_hm  0.3503| attr_acc  0.3888| obj_acc  0.5461| 
2022-12-03 22:36:00,462 - utils.py[line:54] - INFO: Evaluating val dataset:
2022-12-03 22:38:20,406 - utils.py[line:54] - INFO: best_unseen  0.5423| best_seen  0.4262| AUC  0.197| best_hm  0.369| attr_acc  0.3869| obj_acc  0.5692| 
2022-12-03 22:38:20,414 - utils.py[line:54] - INFO: Loss average on val dataset: 3.25390625
2022-12-03 22:41:13,717 - utils.py[line:54] - INFO: best_unseen  0.5021| best_seen  0.434| AUC  0.182| best_hm  0.3518| attr_acc  0.3929| obj_acc  0.5494| 
2022-12-03 22:41:13,725 - utils.py[line:54] - INFO: Evaluating test dataset:
2022-12-03 22:44:08,977 - utils.py[line:54] - INFO: best_unseen  0.5021| best_seen  0.434| AUC  0.182| best_hm  0.3518| attr_acc  0.3929| obj_acc  0.5494| 
2022-12-03 22:51:15,629 - utils.py[line:54] - INFO: Evaluating val dataset:
2022-12-03 22:53:36,755 - utils.py[line:54] - INFO: best_unseen  0.5389| best_seen  0.4338| AUC  0.201| best_hm  0.3746| attr_acc  0.3893| obj_acc  0.5664| 
2022-12-03 22:53:36,761 - utils.py[line:54] - INFO: Loss average on val dataset: 3.27734375
2022-12-03 22:56:30,861 - utils.py[line:54] - INFO: best_unseen  0.5011| best_seen  0.4445| AUC  0.1845| best_hm  0.3523| attr_acc  0.394| obj_acc  0.5489| 
2022-12-03 23:03:40,791 - utils.py[line:54] - INFO: Evaluating val dataset:
2022-12-03 23:06:00,512 - utils.py[line:54] - INFO: best_unseen  0.5382| best_seen  0.4366| AUC  0.2016| best_hm  0.3759| attr_acc  0.3874| obj_acc  0.5673| 
2022-12-03 23:06:00,520 - utils.py[line:54] - INFO: Loss average on val dataset: 3.283203125
2022-12-03 23:08:56,534 - utils.py[line:54] - INFO: best_unseen  0.5006| best_seen  0.4471| AUC  0.186| best_hm  0.3536| attr_acc  0.3927| obj_acc  0.5478| 
2022-12-03 23:16:00,758 - utils.py[line:54] - INFO: Evaluating val dataset:
2022-12-03 23:18:23,377 - utils.py[line:54] - INFO: best_unseen  0.5373| best_seen  0.4311| AUC  0.1991| best_hm  0.3751| attr_acc  0.3863| obj_acc  0.564| 
2022-12-03 23:18:23,383 - utils.py[line:54] - INFO: Loss average on val dataset: 3.29296875
2022-12-03 23:21:15,652 - utils.py[line:54] - INFO: best_unseen  0.498| best_seen  0.4458| AUC  0.1849| best_hm  0.3544| attr_acc  0.3907| obj_acc  0.5473| 
2022-12-03 23:28:26,030 - utils.py[line:54] - INFO: Evaluating val dataset:
2022-12-03 23:30:47,566 - utils.py[line:54] - INFO: best_unseen  0.5373| best_seen  0.442| AUC  0.2032| best_hm  0.3743| attr_acc  0.389| obj_acc  0.5665| 
2022-12-03 23:30:47,572 - utils.py[line:54] - INFO: Loss average on val dataset: 3.294921875
2022-12-03 23:33:44,675 - utils.py[line:54] - INFO: best_unseen  0.4994| best_seen  0.4466| AUC  0.1857| best_hm  0.3558| attr_acc  0.393| obj_acc  0.5464| 
2022-12-03 23:41:05,010 - utils.py[line:54] - INFO: Evaluating val dataset:
2022-12-03 23:43:29,599 - utils.py[line:54] - INFO: Namespace(lr=0.0001, dataset='mit-states', weight_decay=1e-05, clip_model='ViT-L/14', epochs=20, epoch_start=0, train_batch_size=128, eval_batch_size=128, fusion='SDZSL', context_length=8, attr_dropout=0.3, save_path='data/model/mit-states/dfsp', save_every_n=5, save_model=False, load_model='data/model/mit-states/dfsp/SDZSL_best.pt', seed=0, gradient_accumulation_steps=2, open_world=True, bias=0.001, topk=1, text_encoder_batch_size=36, threshold=0.4, threshold_trials=50, K=1, prompt_template='a photo of x x', res_w=0.8, SA_K=1, width_img=1024, width_txt=768, dataset_path='../../../dataset/mit-states', best_model_metric='best_loss', att_obj_w=0.01, sp_w=0.1)
2022-12-03 23:44:23,329 - utils.py[line:54] - INFO: Namespace(lr=0.0001, dataset='mit-states', weight_decay=1e-05, clip_model='ViT-L/14', epochs=20, epoch_start=0, train_batch_size=128, eval_batch_size=128, fusion='SDZSL', context_length=8, attr_dropout=0.3, save_path='data/model/mit-states/dfsp', save_every_n=5, save_model=False, load_model='data/model/mit-states/dfsp/SDZSL_best.pt', seed=0, gradient_accumulation_steps=2, open_world=True, bias=0.001, topk=1, text_encoder_batch_size=36, threshold=0.4, threshold_trials=50, K=1, prompt_template='a photo of x x', res_w=0.8, SA_K=1, width_img=1024, width_txt=768, dataset_path='../../../dataset/mit-states', best_model_metric='best_loss', att_obj_w=0.01, sp_w=0.1)
2022-12-03 23:46:23,806 - utils.py[line:54] - INFO: Namespace(lr=0.0001, dataset='mit-states', weight_decay=1e-05, clip_model='ViT-L/14', epochs=20, epoch_start=0, train_batch_size=128, eval_batch_size=128, fusion='SDZSL', context_length=8, attr_dropout=0.3, save_path='data/model/mit-states/dfsp', save_every_n=5, save_model=False, load_model='data/model/mit-states/dfsp/SDZSL_best.pt', seed=0, gradient_accumulation_steps=2, open_world=True, bias=0.001, topk=1, text_encoder_batch_size=36, threshold=0.4, threshold_trials=50, K=1, prompt_template='a photo of x x', res_w=0.8, SA_K=1, width_img=1024, width_txt=768, dataset_path='../../../dataset/mit-states', best_model_metric='best_loss', att_obj_w=0.01, sp_w=0.1)
2022-12-03 23:47:50,155 - utils.py[line:54] - INFO: Namespace(lr=0.0001, dataset='mit-states', weight_decay=1e-05, clip_model='ViT-L/14', epochs=20, epoch_start=0, train_batch_size=128, eval_batch_size=128, fusion='SDZSL', context_length=8, attr_dropout=0.3, save_path='data/model/mit-states/dfsp', save_every_n=5, save_model=False, load_model='data/model/mit-states/dfsp/SDZSL_best.pt', seed=0, gradient_accumulation_steps=2, open_world=True, bias=0.001, topk=1, text_encoder_batch_size=36, threshold=0.4, threshold_trials=50, K=1, prompt_template='a photo of x x', res_w=0.8, SA_K=1, width_img=1024, width_txt=768, dataset_path='../../../dataset/mit-states', best_model_metric='best_loss', att_obj_w=0.01, sp_w=0.1)
2022-12-03 23:49:33,992 - utils.py[line:54] - INFO: Namespace(lr=0.0001, dataset='mit-states', weight_decay=1e-05, clip_model='ViT-L/14', epochs=20, epoch_start=0, train_batch_size=128, eval_batch_size=128, fusion='SDZSL', context_length=8, attr_dropout=0.3, save_path='data/model/mit-states/dfsp', save_every_n=5, save_model=False, load_model='data/model/mit-states/dfsp/SDZSL_best.pt', seed=0, gradient_accumulation_steps=2, open_world=True, bias=0.001, topk=1, text_encoder_batch_size=36, threshold=0.4, threshold_trials=50, K=1, prompt_template='a photo of x x', res_w=0.8, SA_K=1, width_img=1024, width_txt=768, dataset_path='../../../dataset/mit-states', best_model_metric='best_loss', att_obj_w=0.01, sp_w=0.1)
2022-12-03 23:51:04,735 - utils.py[line:54] - INFO: Namespace(lr=0.0001, dataset='mit-states', weight_decay=1e-05, clip_model='ViT-L/14', epochs=20, epoch_start=0, train_batch_size=128, eval_batch_size=128, fusion='SDZSL', context_length=8, attr_dropout=0.3, save_path='data/model/mit-states/dfsp', save_every_n=5, save_model=False, load_model='data/model/mit-states/dfsp/SDZSL_best.pt', seed=0, gradient_accumulation_steps=2, open_world=True, bias=0.001, topk=1, text_encoder_batch_size=36, threshold=0.4, threshold_trials=50, K=1, prompt_template='a photo of x x', res_w=0.8, SA_K=1, width_img=1024, width_txt=768, dataset_path='../../../dataset/mit-states', best_model_metric='best_loss', att_obj_w=0.01, sp_w=0.1)
2022-12-03 23:54:22,086 - utils.py[line:54] - INFO: Namespace(lr=0.0001, dataset='mit-states', weight_decay=1e-05, clip_model='ViT-L/14', epochs=20, epoch_start=0, train_batch_size=128, eval_batch_size=128, fusion='SDZSL', context_length=8, attr_dropout=0.3, save_path='data/model/mit-states/dfsp', save_every_n=5, save_model=False, load_model='data/model/mit-states/dfsp/SDZSL_best.pt', seed=0, gradient_accumulation_steps=2, open_world=True, bias=0.001, topk=1, text_encoder_batch_size=36, threshold=0.4, threshold_trials=50, K=1, prompt_template='a photo of x x', res_w=0.8, SA_K=1, width_img=1024, width_txt=768, dataset_path='../../../dataset/mit-states', best_model_metric='best_loss', att_obj_w=0.01, sp_w=0.1)
2022-12-03 23:55:40,054 - utils.py[line:54] - INFO: Namespace(lr=0.0001, dataset='mit-states', weight_decay=1e-05, clip_model='ViT-L/14', epochs=20, epoch_start=0, train_batch_size=128, eval_batch_size=128, fusion='SDZSL', context_length=8, attr_dropout=0.3, save_path='data/model/mit-states/dfsp', save_every_n=5, save_model=False, load_model='data/model/mit-states/dfsp/SDZSL_best.pt', seed=0, gradient_accumulation_steps=2, open_world=True, bias=0.001, topk=1, text_encoder_batch_size=36, threshold=0.4, threshold_trials=50, K=1, prompt_template='a photo of x x', res_w=0.8, SA_K=1, width_img=1024, width_txt=768, dataset_path='../../../dataset/mit-states', best_model_metric='best_loss', att_obj_w=0.01, sp_w=0.1)
2022-12-03 23:58:29,287 - utils.py[line:54] - INFO: Namespace(lr=0.0001, dataset='mit-states', weight_decay=1e-05, clip_model='ViT-L/14', epochs=20, epoch_start=0, train_batch_size=128, eval_batch_size=128, fusion='SDZSL', context_length=8, attr_dropout=0.3, save_path='data/model/mit-states/dfsp', save_every_n=5, save_model=False, load_model='data/model/mit-states/dfsp/SDZSL_best.pt', seed=0, gradient_accumulation_steps=2, open_world=True, bias=0.001, topk=1, text_encoder_batch_size=36, threshold=0.4, threshold_trials=50, K=1, prompt_template='a photo of x x', res_w=0.8, SA_K=1, width_img=1024, width_txt=768, dataset_path='../../../dataset/mit-states', best_model_metric='best_loss', att_obj_w=0.01, sp_w=0.1)
